0 info it worked if it ends with ok
1 verbose cli [ 'C:\\Program Files (x86)\\nodejs\\node.exe',
1 verbose cli   'C:\\Users\\Barbara\\AppData\\Roaming\\npm\\node_modules\\npm\\bin\\npm-cli.js',
1 verbose cli   'run',
1 verbose cli   'serve' ]
2 info using npm@3.8.7
3 info using node@v0.10.33
4 verbose run-script [ 'preserve', 'serve', 'postserve' ]
5 info lifecycle myreact@1.0.0~preserve: myreact@1.0.0
6 silly lifecycle myreact@1.0.0~preserve: no script for preserve, continuing
7 info lifecycle myreact@1.0.0~serve: myreact@1.0.0
8 verbose lifecycle myreact@1.0.0~serve: unsafe-perm in lifecycle true
9 verbose lifecycle myreact@1.0.0~serve: PATH: C:\Users\Barbara\AppData\Roaming\npm\node_modules\npm\bin\node-gyp-bin;C:\Users\Barbara\box\myreact\node_modules\.bin;C:\Program Files (x86)\nodejs;C:\Users\Barbara\.babun\cygwin\home\Barbara\.local\bin;C:\Users\Barbara\.babun\cygwin\usr\local\bin;C:\Users\Barbara\.babun\cygwin\usr\local\bin;C:\Users\Barbara\.babun\cygwin\bin;C:\Users\Barbara\.babun\cygwin\home\Barbara\.local\bin;C:\ProgramData\Oracle\Java\javapath;C:\Program Files\Broadcom\Broadcom 802.11 Network Adapter\Driver;C:\Program Files (x86)\Intel\iCLS Client;C:\Program Files\Intel\iCLS Client;C:\WINDOWS\system32;C:\WINDOWS;C:\WINDOWS\System32\Wbem;C:\WINDOWS\System32\WindowsPowerShell\v1.0;C:\Program Files\Intel\Intel(R) Management Engine Components\DAL;C:\Program Files\Intel\Intel(R) Management Engine Components\IPT;C:\Program Files (x86)\Intel\Intel(R) Management Engine Components\DAL;C:\Program Files (x86)\Intel\Intel(R) Management Engine Components\IPT;C:\Program Files (x86)\Intel\OpenCL SDK\2.0\bin\x86;C:\Program Files (x86)\Intel\OpenCL SDK\2.0\bin\x64;C:\wamp\bin\php\php5.5.12;C:\ProgramData\ComposerSetup\bin;C:\Program Files (x86)\QuickTime\QTSystem;C:\Program Files\Microsoft SQL Server\120\Tools\Binn;C:\Program Files\TortoiseSVN\bin;C:\Program Files (x86)\nodejs;C:\Program Files (x86)\Skype\Phone;C:\HashiCorp\Vagrant\bin;C:\Users\Barbara\Downloads\UniServerZ\core\php70;C:\laragon\bin\phpunit\bin;C:\drupalconsole;C:\Program Files\OpenVPN\bin;C:\Windows\System32;C:\sqlite;C:\MongoDB\Server\3.2\bin;C:\Users\Barbara\AppData\Local\atom\bin;C:\ProgramData\Barbara\atom\bin;C:\Users\Barbara\AppData\Local\.meteor;C:\Program Files (x86)\Microsoft VS Code\bin;C:\laragon\bin\phpunit\bin;C:\Program Files\Docker Toolbox;C:\drupalconsole;C:\Windows\system32;C:\sqlite
10 verbose lifecycle myreact@1.0.0~serve: CWD: C:\Users\Barbara\box\myreact
11 silly lifecycle myreact@1.0.0~serve: Args: [ '/d /s /c', 'nodemon server/server.js' ]
12 silly lifecycle myreact@1.0.0~serve: Returned: code: 1  signal: null
13 info lifecycle myreact@1.0.0~serve: Failed to exec serve script
14 verbose stack Error: myreact@1.0.0 serve: `nodemon server/server.js`
14 verbose stack Exit status 1
14 verbose stack     at EventEmitter.<anonymous> (C:\Users\Barbara\AppData\Roaming\npm\node_modules\npm\lib\utils\lifecycle.js:244:16)
14 verbose stack     at EventEmitter.emit (events.js:98:17)
14 verbose stack     at ChildProcess.<anonymous> (C:\Users\Barbara\AppData\Roaming\npm\node_modules\npm\lib\utils\spawn.js:24:14)
14 verbose stack     at ChildProcess.emit (events.js:98:17)
14 verbose stack     at maybeClose (child_process.js:756:16)
14 verbose stack     at Process.ChildProcess._handle.onexit (child_process.js:823:5)
15 verbose pkgid myreact@1.0.0
16 verbose cwd C:\Users\Barbara\box\myreact
17 error Windows_NT 6.2.9200
18 error argv "C:\\Program Files (x86)\\nodejs\\node.exe" "C:\\Users\\Barbara\\AppData\\Roaming\\npm\\node_modules\\npm\\bin\\npm-cli.js" "run" "serve"
19 error node v0.10.33
20 error npm  v3.8.7
21 error code ELIFECYCLE
22 error myreact@1.0.0 serve: `nodemon server/server.js`
22 error Exit status 1
23 error Failed at the myreact@1.0.0 serve script 'nodemon server/server.js'.
23 error Make sure you have the latest version of node.js and npm installed.
23 error If you do, this is most likely a problem with the myreact package,
23 error not with npm itself.
23 error Tell the author that this fails on your system:
23 error     nodemon server/server.js
23 error You can get information on how to open an issue for this project with:
23 error     npm bugs myreact
23 error Or if that isn't available, you can get their info via:
23 error     npm owner ls myreact
23 error There is likely additional logging output above.
24 verbose exit [ 1, true ]
